<?xml version="1.0" encoding="UTF-8"?>
<!-- Generated by org.testng.reporters.JUnitXMLReporter -->
<testsuite ignored="0" hostname="MacBook-Pro.local" failures="2" tests="2" name="Default test" time="25.491" errors="0" timestamp="2023-07-19T18:07:00 IST">
  <testcase classname="io.cucumber.testng.AbstractTestNGCucumberTests" name="runScenario" time="9.675">
    <failure type="java.lang.NullPointerException">
      <![CDATA[java.lang.NullPointerException
at containerBCappHooks.Hooks.screenShot(Hooks.java:43)
]]>
    </failure>
  </testcase> <!-- runScenario -->
  <testcase classname="io.cucumber.testng.AbstractTestNGCucumberTests" name="runScenario" time="10.649">
    <failure type="java.lang.NullPointerException">
      <![CDATA[java.lang.NullPointerException
at containerBCappHooks.Hooks.screenShot(Hooks.java:43)
]]>
    </failure>
  </testcase> <!-- runScenario -->
</testsuite> <!-- Default test -->
