<?xml version="1.0" encoding="UTF-8"?>
<testng-results ignored="0" total="2" passed="0" failed="2" skipped="0">
  <reporter-output>
  </reporter-output>
  <suite started-at="2023-07-19T18:06:34 IST" name="Default suite" finished-at="2023-07-19T18:06:59 IST" duration-ms="25491">
    <groups>
      <group name="cucumber">
        <method signature="AbstractTestNGCucumberTests.runScenario(io.cucumber.testng.PickleWrapper,io.cucumber.testng.FeatureWrapper)[pri:0, instance:containerBCapp.EngineRunner.A_RunnerClass@1caa0244]" name="runScenario" class="io.cucumber.testng.AbstractTestNGCucumberTests"/>
      </group> <!-- cucumber -->
    </groups>
    <test started-at="2023-07-19T18:06:34 IST" name="Default test" finished-at="2023-07-19T18:06:59 IST" duration-ms="25491">
      <class name="containerBCapp.EngineRunner.A_RunnerClass">
        <test-method is-config="true" signature="setUpClass(org.testng.ITestContext)[pri:0, instance:containerBCapp.EngineRunner.A_RunnerClass@1caa0244]" started-at="2023-07-19T18:06:34 IST" name="setUpClass" finished-at="2023-07-19T18:06:39 IST" duration-ms="4858" status="PASS">
          <params>
            <param index="0">
              <value>
                <![CDATA[org.testng.TestRunner@de579ff]]>
              </value>
            </param>
          </params>
          <reporter-output>
          </reporter-output>
        </test-method> <!-- setUpClass -->
        <test-method signature="runScenario(io.cucumber.testng.PickleWrapper,io.cucumber.testng.FeatureWrapper)[pri:0, instance:containerBCapp.EngineRunner.A_RunnerClass@1caa0244]" started-at="2023-07-19T18:06:39 IST" name="runScenario" description="Runs Cucumber Scenarios" data-provider="scenarios" finished-at="2023-07-19T18:06:49 IST" duration-ms="9675" status="FAIL">
          <params>
            <param index="0">
              <value>
                <![CDATA["To verify the login with invalid email format"]]>
              </value>
            </param>
            <param index="1">
              <value>
                <![CDATA["To verify the login feature"]]>
              </value>
            </param>
          </params>
          <exception class="java.lang.NullPointerException">
            <full-stacktrace>
              <![CDATA[java.lang.NullPointerException
at containerBCappHooks.Hooks.screenShot(Hooks.java:43)
]]>
            </full-stacktrace>
          </exception> <!-- java.lang.NullPointerException -->
          <reporter-output>
          </reporter-output>
        </test-method> <!-- runScenario -->
        <test-method signature="runScenario(io.cucumber.testng.PickleWrapper,io.cucumber.testng.FeatureWrapper)[pri:0, instance:containerBCapp.EngineRunner.A_RunnerClass@1caa0244]" started-at="2023-07-19T18:06:49 IST" name="runScenario" description="Runs Cucumber Scenarios" data-provider="scenarios" finished-at="2023-07-19T18:06:59 IST" duration-ms="10649" status="FAIL">
          <params>
            <param index="0">
              <value>
                <![CDATA["To verify the login with invalid email credentials"]]>
              </value>
            </param>
            <param index="1">
              <value>
                <![CDATA["To verify the login feature"]]>
              </value>
            </param>
          </params>
          <exception class="java.lang.NullPointerException">
            <full-stacktrace>
              <![CDATA[java.lang.NullPointerException
at containerBCappHooks.Hooks.screenShot(Hooks.java:43)
]]>
            </full-stacktrace>
          </exception> <!-- java.lang.NullPointerException -->
          <reporter-output>
          </reporter-output>
        </test-method> <!-- runScenario -->
        <test-method is-config="true" signature="tearDownClass()[pri:0, instance:containerBCapp.EngineRunner.A_RunnerClass@1caa0244]" started-at="2023-07-19T18:06:59 IST" name="tearDownClass" finished-at="2023-07-19T18:06:59 IST" duration-ms="258" status="PASS">
          <reporter-output>
          </reporter-output>
        </test-method> <!-- tearDownClass -->
      </class> <!-- containerBCapp.EngineRunner.A_RunnerClass -->
    </test> <!-- Default test -->
  </suite> <!-- Default suite -->
</testng-results>
