<?xml version="1.0" encoding="UTF-8"?>
<testng-results ignored="0" total="21" passed="21" failed="0" skipped="0">
  <reporter-output>
  </reporter-output>
  <suite started-at="2023-07-05T22:54:43 IST" name="Default suite" finished-at="2023-07-05T23:11:32 IST" duration-ms="1008553">
    <groups>
      <group name="cucumber">
        <method signature="AbstractTestNGCucumberTests.runScenario(io.cucumber.testng.PickleWrapper,io.cucumber.testng.FeatureWrapper)[pri:0, instance:containerBCapp.EngineRunner.A_RunnerClass@5386659f]" name="runScenario" class="io.cucumber.testng.AbstractTestNGCucumberTests"/>
      </group> <!-- cucumber -->
    </groups>
    <test started-at="2023-07-05T22:54:43 IST" name="Default test" finished-at="2023-07-05T23:11:32 IST" duration-ms="1008553">
      <class name="containerBCapp.EngineRunner.A_RunnerClass">
        <test-method is-config="true" signature="setUpClass(org.testng.ITestContext)[pri:0, instance:containerBCapp.EngineRunner.A_RunnerClass@5386659f]" started-at="2023-07-05T22:54:43 IST" name="setUpClass" finished-at="2023-07-05T22:54:48 IST" duration-ms="4395" status="PASS">
          <params>
            <param index="0">
              <value>
                <![CDATA[org.testng.TestRunner@1de85972]]>
              </value>
            </param>
          </params>
          <reporter-output>
          </reporter-output>
        </test-method> <!-- setUpClass -->
        <test-method signature="runScenario(io.cucumber.testng.PickleWrapper,io.cucumber.testng.FeatureWrapper)[pri:0, instance:containerBCapp.EngineRunner.A_RunnerClass@5386659f]" started-at="2023-07-05T22:54:48 IST" name="runScenario" description="Runs Cucumber Scenarios" data-provider="scenarios" finished-at="2023-07-05T22:54:49 IST" duration-ms="1019" status="PASS">
          <params>
            <param index="0">
              <value>
                <![CDATA["To verify that the login button is disabled"]]>
              </value>
            </param>
            <param index="1">
              <value>
                <![CDATA["To verify the login feature"]]>
              </value>
            </param>
          </params>
          <reporter-output>
          </reporter-output>
        </test-method> <!-- runScenario -->
        <test-method signature="runScenario(io.cucumber.testng.PickleWrapper,io.cucumber.testng.FeatureWrapper)[pri:0, instance:containerBCapp.EngineRunner.A_RunnerClass@5386659f]" started-at="2023-07-05T22:54:49 IST" name="runScenario" description="Runs Cucumber Scenarios" data-provider="scenarios" finished-at="2023-07-05T22:55:01 IST" duration-ms="12050" status="PASS">
          <params>
            <param index="0">
              <value>
                <![CDATA["To verify the login with invalid email format"]]>
              </value>
            </param>
            <param index="1">
              <value>
                <![CDATA["To verify the login feature"]]>
              </value>
            </param>
          </params>
          <reporter-output>
          </reporter-output>
        </test-method> <!-- runScenario -->
        <test-method signature="runScenario(io.cucumber.testng.PickleWrapper,io.cucumber.testng.FeatureWrapper)[pri:0, instance:containerBCapp.EngineRunner.A_RunnerClass@5386659f]" started-at="2023-07-05T22:55:01 IST" name="runScenario" description="Runs Cucumber Scenarios" data-provider="scenarios" finished-at="2023-07-05T22:55:13 IST" duration-ms="11782" status="PASS">
          <params>
            <param index="0">
              <value>
                <![CDATA["To verify the login with invalid email credentials"]]>
              </value>
            </param>
            <param index="1">
              <value>
                <![CDATA["To verify the login feature"]]>
              </value>
            </param>
          </params>
          <reporter-output>
          </reporter-output>
        </test-method> <!-- runScenario -->
        <test-method signature="runScenario(io.cucumber.testng.PickleWrapper,io.cucumber.testng.FeatureWrapper)[pri:0, instance:containerBCapp.EngineRunner.A_RunnerClass@5386659f]" started-at="2023-07-05T22:55:13 IST" name="runScenario" description="Runs Cucumber Scenarios" data-provider="scenarios" finished-at="2023-07-05T22:55:25 IST" duration-ms="12385" status="PASS">
          <params>
            <param index="0">
              <value>
                <![CDATA["To verify the login with invalid password credentials"]]>
              </value>
            </param>
            <param index="1">
              <value>
                <![CDATA["To verify the login feature"]]>
              </value>
            </param>
          </params>
          <reporter-output>
          </reporter-output>
        </test-method> <!-- runScenario -->
        <test-method signature="runScenario(io.cucumber.testng.PickleWrapper,io.cucumber.testng.FeatureWrapper)[pri:0, instance:containerBCapp.EngineRunner.A_RunnerClass@5386659f]" started-at="2023-07-05T22:55:25 IST" name="runScenario" description="Runs Cucumber Scenarios" data-provider="scenarios" finished-at="2023-07-05T22:55:38 IST" duration-ms="12737" status="PASS">
          <params>
            <param index="0">
              <value>
                <![CDATA["To verify the login with invalid credentials"]]>
              </value>
            </param>
            <param index="1">
              <value>
                <![CDATA["To verify the login feature"]]>
              </value>
            </param>
          </params>
          <reporter-output>
          </reporter-output>
        </test-method> <!-- runScenario -->
        <test-method signature="runScenario(io.cucumber.testng.PickleWrapper,io.cucumber.testng.FeatureWrapper)[pri:0, instance:containerBCapp.EngineRunner.A_RunnerClass@5386659f]" started-at="2023-07-05T22:55:38 IST" name="runScenario" description="Runs Cucumber Scenarios" data-provider="scenarios" finished-at="2023-07-05T22:56:03 IST" duration-ms="24858" status="PASS">
          <params>
            <param index="0">
              <value>
                <![CDATA["To verify the login by tapping next button"]]>
              </value>
            </param>
            <param index="1">
              <value>
                <![CDATA["To verify the login feature"]]>
              </value>
            </param>
          </params>
          <reporter-output>
          </reporter-output>
        </test-method> <!-- runScenario -->
        <test-method signature="runScenario(io.cucumber.testng.PickleWrapper,io.cucumber.testng.FeatureWrapper)[pri:0, instance:containerBCapp.EngineRunner.A_RunnerClass@5386659f]" started-at="2023-07-05T22:56:03 IST" name="runScenario" description="Runs Cucumber Scenarios" data-provider="scenarios" finished-at="2023-07-05T22:57:01 IST" duration-ms="58089" status="PASS">
          <params>
            <param index="0">
              <value>
                <![CDATA["To swipe and archive a message from inbox"]]>
              </value>
            </param>
            <param index="1">
              <value>
                <![CDATA["To verify the inbox feature"]]>
              </value>
            </param>
          </params>
          <reporter-output>
          </reporter-output>
        </test-method> <!-- runScenario -->
        <test-method signature="runScenario(io.cucumber.testng.PickleWrapper,io.cucumber.testng.FeatureWrapper)[pri:0, instance:containerBCapp.EngineRunner.A_RunnerClass@5386659f]" started-at="2023-07-05T22:57:01 IST" name="runScenario" description="Runs Cucumber Scenarios" data-provider="scenarios" finished-at="2023-07-05T22:57:53 IST" duration-ms="52032" status="PASS">
          <params>
            <param index="0">
              <value>
                <![CDATA["To longpress and archive a message from inbox"]]>
              </value>
            </param>
            <param index="1">
              <value>
                <![CDATA["To verify the inbox feature"]]>
              </value>
            </param>
          </params>
          <reporter-output>
          </reporter-output>
        </test-method> <!-- runScenario -->
        <test-method signature="runScenario(io.cucumber.testng.PickleWrapper,io.cucumber.testng.FeatureWrapper)[pri:0, instance:containerBCapp.EngineRunner.A_RunnerClass@5386659f]" started-at="2023-07-05T22:57:53 IST" name="runScenario" description="Runs Cucumber Scenarios" data-provider="scenarios" finished-at="2023-07-05T22:58:41 IST" duration-ms="48119" status="PASS">
          <params>
            <param index="0">
              <value>
                <![CDATA["To swipe and unarchive a message from archive tab"]]>
              </value>
            </param>
            <param index="1">
              <value>
                <![CDATA["To verify the inbox feature"]]>
              </value>
            </param>
          </params>
          <reporter-output>
          </reporter-output>
        </test-method> <!-- runScenario -->
        <test-method signature="runScenario(io.cucumber.testng.PickleWrapper,io.cucumber.testng.FeatureWrapper)[pri:0, instance:containerBCapp.EngineRunner.A_RunnerClass@5386659f]" started-at="2023-07-05T22:58:41 IST" name="runScenario" description="Runs Cucumber Scenarios" data-provider="scenarios" finished-at="2023-07-05T22:59:26 IST" duration-ms="45557" status="PASS">
          <params>
            <param index="0">
              <value>
                <![CDATA["To longpress and trash a message from inbox"]]>
              </value>
            </param>
            <param index="1">
              <value>
                <![CDATA["To verify the inbox feature"]]>
              </value>
            </param>
          </params>
          <reporter-output>
          </reporter-output>
        </test-method> <!-- runScenario -->
        <test-method signature="runScenario(io.cucumber.testng.PickleWrapper,io.cucumber.testng.FeatureWrapper)[pri:0, instance:containerBCapp.EngineRunner.A_RunnerClass@5386659f]" started-at="2023-07-05T22:59:26 IST" name="runScenario" description="Runs Cucumber Scenarios" data-provider="scenarios" finished-at="2023-07-05T23:00:13 IST" duration-ms="46715" status="PASS">
          <params>
            <param index="0">
              <value>
                <![CDATA["To swipe and restore a message from trash tab"]]>
              </value>
            </param>
            <param index="1">
              <value>
                <![CDATA["To verify the inbox feature"]]>
              </value>
            </param>
          </params>
          <reporter-output>
          </reporter-output>
        </test-method> <!-- runScenario -->
        <test-method signature="runScenario(io.cucumber.testng.PickleWrapper,io.cucumber.testng.FeatureWrapper)[pri:0, instance:containerBCapp.EngineRunner.A_RunnerClass@5386659f]" started-at="2023-07-05T23:00:13 IST" name="runScenario" description="Runs Cucumber Scenarios" data-provider="scenarios" finished-at="2023-07-05T23:01:02 IST" duration-ms="48904" status="PASS">
          <params>
            <param index="0">
              <value>
                <![CDATA["To filter the unread messages"]]>
              </value>
            </param>
            <param index="1">
              <value>
                <![CDATA["To verify the unread feature in inbox"]]>
              </value>
            </param>
          </params>
          <reporter-output>
          </reporter-output>
        </test-method> <!-- runScenario -->
        <test-method signature="runScenario(io.cucumber.testng.PickleWrapper,io.cucumber.testng.FeatureWrapper)[pri:0, instance:containerBCapp.EngineRunner.A_RunnerClass@5386659f]" started-at="2023-07-05T23:01:02 IST" name="runScenario" description="Runs Cucumber Scenarios" data-provider="scenarios" finished-at="2023-07-05T23:02:03 IST" duration-ms="60701" status="PASS">
          <params>
            <param index="0">
              <value>
                <![CDATA["To verify no of unread messages in inbox and unread filter are same"]]>
              </value>
            </param>
            <param index="1">
              <value>
                <![CDATA["To verify the unread feature in inbox"]]>
              </value>
            </param>
          </params>
          <reporter-output>
          </reporter-output>
        </test-method> <!-- runScenario -->
        <test-method signature="runScenario(io.cucumber.testng.PickleWrapper,io.cucumber.testng.FeatureWrapper)[pri:0, instance:containerBCapp.EngineRunner.A_RunnerClass@5386659f]" started-at="2023-07-05T23:02:03 IST" name="runScenario" description="Runs Cucumber Scenarios" data-provider="scenarios" finished-at="2023-07-05T23:04:16 IST" duration-ms="133579" status="PASS">
          <params>
            <param index="0">
              <value>
                <![CDATA["To verify user can mark a message as unread and checks the same in unread filter"]]>
              </value>
            </param>
            <param index="1">
              <value>
                <![CDATA["To verify the unread feature in inbox"]]>
              </value>
            </param>
          </params>
          <reporter-output>
          </reporter-output>
        </test-method> <!-- runScenario -->
        <test-method signature="runScenario(io.cucumber.testng.PickleWrapper,io.cucumber.testng.FeatureWrapper)[pri:0, instance:containerBCapp.EngineRunner.A_RunnerClass@5386659f]" started-at="2023-07-05T23:04:16 IST" name="runScenario" description="Runs Cucumber Scenarios" data-provider="scenarios" finished-at="2023-07-05T23:05:12 IST" duration-ms="55473" status="PASS">
          <params>
            <param index="0">
              <value>
                <![CDATA["To verify user can mark a message as read in unread filter"]]>
              </value>
            </param>
            <param index="1">
              <value>
                <![CDATA["To verify the unread feature in inbox"]]>
              </value>
            </param>
          </params>
          <reporter-output>
          </reporter-output>
        </test-method> <!-- runScenario -->
        <test-method signature="runScenario(io.cucumber.testng.PickleWrapper,io.cucumber.testng.FeatureWrapper)[pri:0, instance:containerBCapp.EngineRunner.A_RunnerClass@5386659f]" started-at="2023-07-05T23:05:12 IST" name="runScenario" description="Runs Cucumber Scenarios" data-provider="scenarios" finished-at="2023-07-05T23:07:55 IST" duration-ms="162756" status="PASS">
          <params>
            <param index="0">
              <value>
                <![CDATA["To verify unread archived message is not displayed in unread filter"]]>
              </value>
            </param>
            <param index="1">
              <value>
                <![CDATA["To verify the unread feature in inbox"]]>
              </value>
            </param>
          </params>
          <reporter-output>
          </reporter-output>
        </test-method> <!-- runScenario -->
        <test-method signature="runScenario(io.cucumber.testng.PickleWrapper,io.cucumber.testng.FeatureWrapper)[pri:0, instance:containerBCapp.EngineRunner.A_RunnerClass@5386659f]" started-at="2023-07-05T23:07:55 IST" name="runScenario" description="Runs Cucumber Scenarios" data-provider="scenarios" finished-at="2023-07-05T23:10:40 IST" duration-ms="165604" status="PASS">
          <params>
            <param index="0">
              <value>
                <![CDATA["To verify unread trashed message is not displayed in unread filter"]]>
              </value>
            </param>
            <param index="1">
              <value>
                <![CDATA["To verify the unread feature in inbox"]]>
              </value>
            </param>
          </params>
          <reporter-output>
          </reporter-output>
        </test-method> <!-- runScenario -->
        <test-method signature="runScenario(io.cucumber.testng.PickleWrapper,io.cucumber.testng.FeatureWrapper)[pri:0, instance:containerBCapp.EngineRunner.A_RunnerClass@5386659f]" started-at="2023-07-05T23:10:40 IST" name="runScenario" description="Runs Cucumber Scenarios" data-provider="scenarios" finished-at="2023-07-05T23:10:51 IST" duration-ms="11318" status="PASS">
          <params>
            <param index="0">
              <value>
                <![CDATA["To cancel the logout"]]>
              </value>
            </param>
            <param index="1">
              <value>
                <![CDATA["To verify the logout feature"]]>
              </value>
            </param>
          </params>
          <reporter-output>
          </reporter-output>
        </test-method> <!-- runScenario -->
        <test-method signature="runScenario(io.cucumber.testng.PickleWrapper,io.cucumber.testng.FeatureWrapper)[pri:0, instance:containerBCapp.EngineRunner.A_RunnerClass@5386659f]" started-at="2023-07-05T23:10:51 IST" name="runScenario" description="Runs Cucumber Scenarios" data-provider="scenarios" finished-at="2023-07-05T23:10:59 IST" duration-ms="7086" status="PASS">
          <params>
            <param index="0">
              <value>
                <![CDATA["To logout the app"]]>
              </value>
            </param>
            <param index="1">
              <value>
                <![CDATA["To verify the logout feature"]]>
              </value>
            </param>
          </params>
          <reporter-output>
          </reporter-output>
        </test-method> <!-- runScenario -->
        <test-method signature="runScenario(io.cucumber.testng.PickleWrapper,io.cucumber.testng.FeatureWrapper)[pri:0, instance:containerBCapp.EngineRunner.A_RunnerClass@5386659f]" started-at="2023-07-05T23:10:59 IST" name="runScenario" description="Runs Cucumber Scenarios" data-provider="scenarios" finished-at="2023-07-05T23:11:14 IST" duration-ms="15014" status="PASS">
          <params>
            <param index="0">
              <value>
                <![CDATA["To verify forgot password with invalid email"]]>
              </value>
            </param>
            <param index="1">
              <value>
                <![CDATA["To verify the forgot password feature"]]>
              </value>
            </param>
          </params>
          <reporter-output>
          </reporter-output>
        </test-method> <!-- runScenario -->
        <test-method signature="runScenario(io.cucumber.testng.PickleWrapper,io.cucumber.testng.FeatureWrapper)[pri:0, instance:containerBCapp.EngineRunner.A_RunnerClass@5386659f]" started-at="2023-07-05T23:11:14 IST" name="runScenario" description="Runs Cucumber Scenarios" data-provider="scenarios" finished-at="2023-07-05T23:11:32 IST" duration-ms="18046" status="PASS">
          <params>
            <param index="0">
              <value>
                <![CDATA["To reset the password"]]>
              </value>
            </param>
            <param index="1">
              <value>
                <![CDATA["To verify the forgot password feature"]]>
              </value>
            </param>
          </params>
          <reporter-output>
          </reporter-output>
        </test-method> <!-- runScenario -->
        <test-method is-config="true" signature="tearDownClass()[pri:0, instance:containerBCapp.EngineRunner.A_RunnerClass@5386659f]" started-at="2023-07-05T23:11:32 IST" name="tearDownClass" finished-at="2023-07-05T23:11:32 IST" duration-ms="279" status="PASS">
          <reporter-output>
          </reporter-output>
        </test-method> <!-- tearDownClass -->
      </class> <!-- containerBCapp.EngineRunner.A_RunnerClass -->
    </test> <!-- Default test -->
  </suite> <!-- Default suite -->
</testng-results>
